[debug] [2024-04-29T16:56:40.953Z] ----------------------------------------------------------------------
[debug] [2024-04-29T16:56:40.956Z] Command:       C:\Program Files\nodejs\node.exe C:\Users\lenovo\AppData\Roaming\npm\node_modules\firebase-tools\lib\bin\firebase.js init
[debug] [2024-04-29T16:56:40.957Z] CLI Version:   13.7.5
[debug] [2024-04-29T16:56:40.957Z] Platform:      win32
[debug] [2024-04-29T16:56:40.957Z] Node Version:  v19.8.1
[debug] [2024-04-29T16:56:40.958Z] Time:          Mon Apr 29 2024 21:56:40 GMT+0500 (Pakistan Standard Time)
[debug] [2024-04-29T16:56:40.958Z] ----------------------------------------------------------------------
[debug] 
[debug] [2024-04-29T16:56:40.967Z] > command requires scopes: ["email","openid","https://www.googleapis.com/auth/cloudplatformprojects.readonly","https://www.googleapis.com/auth/firebase","https://www.googleapis.com/auth/cloud-platform"]
[debug] [2024-04-29T16:56:40.968Z] > authorizing via signed-in user (wa362428@gmail.com)
[info] 
     ######## #### ########  ######## ########     ###     ######  ########
     ##        ##  ##     ## ##       ##     ##  ##   ##  ##       ##
     ######    ##  ########  ######   ########  #########  ######  ######
     ##        ##  ##    ##  ##       ##     ## ##     ##       ## ##
     ##       #### ##     ## ######## ########  ##     ##  ######  ########

You're about to initialize a Firebase project in this directory:

  C:\Users\lenovo\Documents\Web development\lavo-link

[info] 
=== Project Setup
[info] 
[info] First, let's associate this project directory with a Firebase project.
[info] You can create multiple project aliases by running firebase use --add, 
[info] but for now we'll just set up a default project.
[info] 
[debug] [2024-04-29T16:56:56.253Z] >>> [apiv2][query] GET https://firebase.googleapis.com/v1beta1/projects pageSize=100
[debug] [2024-04-29T16:56:57.160Z] <<< [apiv2][status] GET https://firebase.googleapis.com/v1beta1/projects 200
[debug] [2024-04-29T16:56:57.160Z] <<< [apiv2][body] GET https://firebase.googleapis.com/v1beta1/projects [omitted]
[info] i  Using project waseem-2-4c056 (waseem-2) 
[info] 
=== Hosting Setup
[debug] [2024-04-29T16:57:10.894Z] >>> [apiv2][query] GET https://firebase.googleapis.com/v1beta1/projects/waseem-2-4c056 [none]
[debug] [2024-04-29T16:57:11.546Z] <<< [apiv2][status] GET https://firebase.googleapis.com/v1beta1/projects/waseem-2-4c056 200
[debug] [2024-04-29T16:57:11.546Z] <<< [apiv2][body] GET https://firebase.googleapis.com/v1beta1/projects/waseem-2-4c056 {"projectId":"waseem-2-4c056","projectNumber":"653699414802","displayName":"waseem-2","name":"projects/waseem-2-4c056","resources":{"hostingSite":"waseem-2-4c056","storageBucket":"waseem-2-4c056.appspot.com","locationId":"us-central"},"state":"ACTIVE","etag":"1_2b9c582f-3753-4d9b-9fff-9e3a746a06ac"}
[info] 
[info] Your public directory is the folder (relative to your project directory) that
[info] will contain Hosting assets to be uploaded with firebase deploy. If you
[info] have a build process for your assets, use your build's output directory.
[info] 
